#
# There is insufficient memory for the Java Runtime Environment to continue.
# Native memory allocation (mmap) failed to map 262144000 bytes. Error detail: G1 virtual space
# Possible reasons:
#   The system is out of physical RAM or swap space
#   This process is running with CompressedOops enabled, and the Java Heap may be blocking the growth of the native heap
# Possible solutions:
#   Reduce memory load on the system
#   Increase physical memory or swap space
#   Check if swap backing store is full
#   Decrease Java heap size (-Xmx/-Xms)
#   Decrease number of Java threads
#   Decrease Java thread stack sizes (-Xss)
#   Set larger code cache with -XX:ReservedCodeCacheSize=
#   JVM is running with Zero Based Compressed Oops mode in which the Java heap is
#     placed in the first 32GB address space. The Java Heap base address is the
#     maximum limit for the native heap growth. Please use -XX:HeapBaseMinAddress
#     to set the Java Heap base and to place the Java Heap above 32GB virtual address.
# This output file may be truncated or incomplete.
#
#  Out of Memory Error (os_windows.cpp:3898), pid=128, tid=12248
#
# JRE version:  (21.0.6) (build )
# Java VM: OpenJDK 64-Bit Server VM (21.0.6+-13391695-b895.109, mixed mode, sharing, tiered, compressed oops, compressed class ptrs, g1 gc, windows-amd64)
# No core dump will be written. Minidumps are not enabled by default on client versions of Windows
#

---------------  S U M M A R Y ------------

Command Line: git4idea.http.GitAskPassApp Username for 'https://github.com': 

Host: 11th Gen Intel(R) Core(TM) i7-1165G7 @ 2.80GHz, 8 cores, 15G,  Windows 11 , 64 bit Build 22621 (10.0.22621.5413)
Time: Sun Jul  6 14:35:51 2025 SE Asia Standard Time elapsed time: 0.010859 seconds (0d 0h 0m 0s)

---------------  T H R E A D  ---------------

Current thread (0x000001af7c520070):  JavaThread "Unknown thread" [_thread_in_vm, id=12248, stack(0x0000001004400000,0x0000001004500000) (1024K)]

Stack: [0x0000001004400000,0x0000001004500000]
Native frames: (J=compiled Java code, j=interpreted, Vv=VM code, C=native code)
V  [jvm.dll+0x6d0639]
V  [jvm.dll+0x85eb03]
V  [jvm.dll+0x86105e]
V  [jvm.dll+0x861743]
V  [jvm.dll+0x27e6e6]
V  [jvm.dll+0x6ccfd5]
V  [jvm.dll+0x6c0a8a]
V  [jvm.dll+0x35537b]
V  [jvm.dll+0x35cfd6]
V  [jvm.dll+0x3aef86]
V  [jvm.dll+0x3af258]
V  [jvm.dll+0x327a2c]
V  [jvm.dll+0x32871b]
V  [jvm.dll+0x826549]
V  [jvm.dll+0x3bc158]
V  [jvm.dll+0x80f7f8]
V  [jvm.dll+0x45035e]
V  [jvm.dll+0x451ac1]
C  [jli.dll+0x52ab]
C  [ucrtbase.dll+0x29333]
C  [KERNEL32.DLL+0x1259d]
C  [ntdll.dll+0x5af78]


---------------  P R O C E S S  ---------------

Threads class SMR info:
_java_thread_list=0x00007ff852f51848, length=0, elements={
}

Java Threads: ( => current thread )
Total: 0

Other Threads:
  0x000001af7e97bfd0 WorkerThread "GC Thread#0"                     [id=21396, stack(0x0000001004500000,0x0000001004600000) (1024K)]
  0x000001af7e98c8b0 ConcurrentGCThread "G1 Main Marker"            [id=2004, stack(0x0000001004600000,0x0000001004700000) (1024K)]
  0x000001af7e98d3b0 WorkerThread "G1 Conc#0"                       [id=10380, stack(0x0000001004700000,0x0000001004800000) (1024K)]

[error occurred during error reporting (printing all threads), id 0xc0000005, EXCEPTION_ACCESS_VIOLATION (0xc0000005) at pc=0x00007ff85274aa87]
VM state: not at safepoint (not fully initialized)

VM Mutex/Monitor currently owned by a thread:  ([mutex/lock_event])
[0x00007ff852fbe4a0] Heap_lock - owner thread: 0x000001af7c520070

Heap address: 0x0000000707000000, size: 3984 MB, Compressed Oops mode: Zero based, Oop shift amount: 3

CDS archive(s) mapped at: [0x0000000000000000-0x0000000000000000-0x0000000000000000), size 0, SharedBaseAddress: 0x0000000800000000, ArchiveRelocationMode: 1.
Narrow klass base: 0x0000000000000000, Narrow klass shift: 0, Narrow klass range: 0x0

GC Precious Log:
 CardTable entry size: 512
 Card Set container configuration: InlinePtr #cards 4 size 8 Array Of Cards #cards 16 size 48 Howl #buckets 8 coarsen threshold 3686 Howl Bitmap #cards 512 size 80 coarsen threshold 460 Card regions per heap region 1 cards per card region 4096

Heap:
 garbage-first heap   total 0K, used 0K [0x0000000707000000, 0x0000000800000000)
  region size 2048K, 0 young (0K), 0 survivors (0K)
 Metaspace       used 0K, committed 0K, reserved 0K
  class space    used 0K, committed 0K, reserved 0K

Heap Regions: E=young(eden), S=young(survivor), O=old, HS=humongous(starts), HC=humongous(continues), CS=collection set, F=free, TAMS=top-at-mark-start, PB=parsable bottom

Card table byte_map: [0x000001af7f4e0000,0x000001af7fcb0000] _byte_map_base: 0x000001af7bca8000

Marking Bits: (CMBitMap*) 0x000001af7e97c6d0
 Bits: [0x000001af12090000, 0x000001af15ed0000)

GC Heap History (0 events):
No events

Dll operation events (1 events):
Event: 0.007 Loaded shared library C:\Program Files\Android\Android Studio\jbr\bin\java.dll

Deoptimization events (0 events):
No events

Classes loaded (0 events):
No events

Classes unloaded (0 events):
No events

Classes redefined (0 events):
No events

Internal exceptions (0 events):
No events

ZGC Phase Switch (0 events):
No events

VM Operations (0 events):
No events

Memory protections (0 events):
No events

Nmethod flushes (0 events):
No events

Events (0 events):
No events


Dynamic libraries:
0x00007ff63c6a0000 - 0x00007ff63c6aa000 	C:\Program Files\Android\Android Studio\jbr\bin\java.exe
0x00007ff8c8050000 - 0x00007ff8c8267000 	C:\WINDOWS\SYSTEM32\ntdll.dll
0x00007ff8c73c0000 - 0x00007ff8c7484000 	C:\WINDOWS\System32\KERNEL32.DLL
0x00007ff8c5430000 - 0x00007ff8c5802000 	C:\WINDOWS\System32\KERNELBASE.dll
0x00007ff8c5310000 - 0x00007ff8c5421000 	C:\WINDOWS\System32\ucrtbase.dll
0x00007ff8aa5f0000 - 0x00007ff8aa608000 	C:\Program Files\Android\Android Studio\jbr\bin\jli.dll
0x00007ff8b97c0000 - 0x00007ff8b97db000 	C:\Program Files\Android\Android Studio\jbr\bin\VCRUNTIME140.dll
0x00007ff8c7890000 - 0x00007ff8c7a41000 	C:\WINDOWS\System32\USER32.dll
0x00007ff8c5b40000 - 0x00007ff8c5b66000 	C:\WINDOWS\System32\win32u.dll
0x00007ff8ad370000 - 0x00007ff8ad60b000 	C:\WINDOWS\WinSxS\amd64_microsoft.windows.common-controls_6595b64144ccf1df_6.0.22621.5413_none_270da5617387a498\COMCTL32.dll
0x00007ff8c6e00000 - 0x00007ff8c6e29000 	C:\WINDOWS\System32\GDI32.dll
0x00007ff8c7760000 - 0x00007ff8c7807000 	C:\WINDOWS\System32\msvcrt.dll
0x00007ff8c5140000 - 0x00007ff8c5263000 	C:\WINDOWS\System32\gdi32full.dll
0x00007ff8c5270000 - 0x00007ff8c530a000 	C:\WINDOWS\System32\msvcp_win.dll
0x00007ff8c7ac0000 - 0x00007ff8c7af1000 	C:\WINDOWS\System32\IMM32.DLL
0x00007ff8c0220000 - 0x00007ff8c022c000 	C:\Program Files\Android\Android Studio\jbr\bin\vcruntime140_1.dll
0x00007ff86fdf0000 - 0x00007ff86fe7d000 	C:\Program Files\Android\Android Studio\jbr\bin\msvcp140.dll
0x00007ff852410000 - 0x00007ff85309b000 	C:\Program Files\Android\Android Studio\jbr\bin\server\jvm.dll
0x00007ff8c6b60000 - 0x00007ff8c6c11000 	C:\WINDOWS\System32\ADVAPI32.dll
0x00007ff8c7110000 - 0x00007ff8c71b8000 	C:\WINDOWS\System32\sechost.dll
0x00007ff8c5a90000 - 0x00007ff8c5ab8000 	C:\WINDOWS\System32\bcrypt.dll
0x00007ff8c7490000 - 0x00007ff8c75a4000 	C:\WINDOWS\System32\RPCRT4.dll
0x00007ff8c6e40000 - 0x00007ff8c6eb1000 	C:\WINDOWS\System32\WS2_32.dll
0x00007ff8c4e60000 - 0x00007ff8c4ead000 	C:\WINDOWS\SYSTEM32\POWRPROF.dll
0x00007ff8bf840000 - 0x00007ff8bf874000 	C:\WINDOWS\SYSTEM32\WINMM.dll
0x00007ff8c0260000 - 0x00007ff8c026a000 	C:\WINDOWS\SYSTEM32\VERSION.dll
0x00007ff8c4e40000 - 0x00007ff8c4e53000 	C:\WINDOWS\SYSTEM32\UMPDC.dll
0x00007ff8c40d0000 - 0x00007ff8c40e8000 	C:\WINDOWS\SYSTEM32\kernel.appcore.dll
0x00007ff8bf8b0000 - 0x00007ff8bf8ba000 	C:\Program Files\Android\Android Studio\jbr\bin\jimage.dll
0x00007ff8c10d0000 - 0x00007ff8c1302000 	C:\WINDOWS\SYSTEM32\DBGHELP.DLL
0x00007ff8c5df0000 - 0x00007ff8c6183000 	C:\WINDOWS\System32\combase.dll
0x00007ff8c7030000 - 0x00007ff8c7107000 	C:\WINDOWS\System32\OLEAUT32.dll
0x00007ff8bcc40000 - 0x00007ff8bcc72000 	C:\WINDOWS\SYSTEM32\dbgcore.DLL
0x00007ff8c5810000 - 0x00007ff8c588b000 	C:\WINDOWS\System32\bcryptPrimitives.dll
0x00007ff8b97a0000 - 0x00007ff8b97c0000 	C:\Program Files\Android\Android Studio\jbr\bin\java.dll

dbghelp: loaded successfully - version: 4.0.5 - missing functions: none
symbol engine: initialized successfully - sym options: 0x614 - pdb path: .;C:\Program Files\Android\Android Studio\jbr\bin;C:\WINDOWS\SYSTEM32;C:\WINDOWS\WinSxS\amd64_microsoft.windows.common-controls_6595b64144ccf1df_6.0.22621.5413_none_270da5617387a498;C:\Program Files\Android\Android Studio\jbr\bin\server

VM Arguments:
java_command: git4idea.http.GitAskPassApp Username for 'https://github.com': 
java_class_path (initial): C:/Program Files/Android/Android Studio/plugins/vcs-git/lib/git4idea-rt.jar;C:/Program Files/Android/Android Studio/lib/externalProcess-rt.jar
Launcher Type: SUN_STANDARD

[Global flags]
     intx CICompilerCount                          = 4                                         {product} {ergonomic}
     uint ConcGCThreads                            = 2                                         {product} {ergonomic}
     uint G1ConcRefinementThreads                  = 8                                         {product} {ergonomic}
   size_t G1HeapRegionSize                         = 2097152                                   {product} {ergonomic}
    uintx GCDrainStackTargetSize                   = 64                                        {product} {ergonomic}
   size_t InitialHeapSize                          = 262144000                                 {product} {ergonomic}
   size_t MarkStackSize                            = 4194304                                   {product} {ergonomic}
   size_t MaxHeapSize                              = 4177526784                                {product} {ergonomic}
   size_t MinHeapDeltaBytes                        = 2097152                                   {product} {ergonomic}
   size_t MinHeapSize                              = 8388608                                   {product} {ergonomic}
    uintx NonNMethodCodeHeapSize                   = 5839372                                {pd product} {ergonomic}
    uintx NonProfiledCodeHeapSize                  = 122909434                              {pd product} {ergonomic}
    uintx ProfiledCodeHeapSize                     = 122909434                              {pd product} {ergonomic}
    uintx ReservedCodeCacheSize                    = 251658240                              {pd product} {ergonomic}
     bool SegmentedCodeCache                       = true                                      {product} {ergonomic}
   size_t SoftMaxHeapSize                          = 4177526784                             {manageable} {ergonomic}
     bool UseCompressedOops                        = true                           {product lp64_product} {ergonomic}
     bool UseG1GC                                  = true                                      {product} {ergonomic}
     bool UseLargePagesIndividualAllocation        = false                                  {pd product} {ergonomic}

Logging:
Log output configuration:
 #0: stdout all=warning uptime,level,tags foldmultilines=false
 #1: stderr all=off uptime,level,tags foldmultilines=false

Environment Variables:
JAVA_HOME="C:\Program Files\Android\Android Studio\jbr"
PATH=C:/Program Files/Git/mingw64/libexec/git-core;C:/Program Files/Git/mingw64/libexec/git-core;C:\Program Files\Git\mingw64\bin;C:\Program Files\Git\usr\bin;C:\Users\Hasan\bin;C:\Program Files (x86)\Common Files\Oracle\Java\javapath;C:\WINDOWS\system32;C:\WINDOWS;C:\WINDOWS\System32\Wbem;C:\WINDOWS\System32\WindowsPowerShell\v1.0\;C:\WINDOWS\System32\OpenSSH\;C:\Program Files\Microsoft VS Code\bin;C:\Program Files\dotnet\;C:\Program Files\Git\cmd;C:\Program Files\CMake\bin;C:\Program Files\nodejs\;C:\Users\Hasan\AppData\Local\Microsoft\WindowsApps;C:\Users\Hasan\AppData\Local\Programs\cursor\resources\app\bin;C:\Users\Hasan\AppData\Roaming\npm
USERNAME=Hasan
DISPLAY=:0.0
LC_ALL=en_US.UTF-8
TERM=xterm-256color
TMPDIR=C:\Users\Hasan\AppData\Local\Temp
OS=Windows_NT
PROCESSOR_IDENTIFIER=Intel64 Family 6 Model 140 Stepping 1, GenuineIntel
TMP=C:\Users\Hasan\AppData\Local\Temp
TEMP=C:\Users\Hasan\AppData\Local\Temp




Periodic native trim disabled

JNI global refs:
JNI global refs: 0, weak refs: 0

JNI global refs memory usage: 0, weak refs: 0

Process memory usage:
Resident Set Size: 11788K (0% of 16313596K total physical memory with 850504K free physical memory)

OOME stack traces (most recent first):
Classloader memory used:

---------------  S Y S T E M  ---------------

OS:
 Windows 11 , 64 bit Build 22621 (10.0.22621.5413)
OS uptime: 1 days 19:58 hours

CPU: total 8 (initial active 8) (4 cores per cpu, 2 threads per core) family 6 model 140 stepping 1 microcode 0xa4, cx8, cmov, fxsr, ht, mmx, 3dnowpref, sse, sse2, sse3, ssse3, sse4.1, sse4.2, popcnt, lzcnt, tsc, tscinvbit, avx, avx2, aes, erms, clmul, bmi1, bmi2, adx, avx512f, avx512dq, avx512cd, avx512bw, avx512vl, sha, fma, vzeroupper, avx512_vpopcntdq, avx512_vpclmulqdq, avx512_vaes, avx512_vnni, clflush, clflushopt, clwb, avx512_vbmi2, avx512_vbmi, rdtscp, rdpid, fsrm, gfni, avx512_bitalg, f16c, pku, cet_ibt, cet_ss, avx512_ifma
Processor Information for the first 8 processors :
  Max Mhz: 2803, Current Mhz: 2803, Mhz Limit: 2803

Memory: 4k page, system-wide physical 15931M (830M free)
TotalPageFile size 24123M (AvailPageFile size 174M)
current process WorkingSet (physical memory assigned to process): 11M, peak: 11M
current process commit charge ("private bytes"): 60M, peak: 310M

vm_info: OpenJDK 64-Bit Server VM (21.0.6+-13391695-b895.109) for windows-amd64 JRE (21.0.6+-13391695-b895.109), built on 2025-04-22T21:19:17Z by "builder" with MS VC++ 16.10 / 16.11 (VS2019)

END.
